16-Feb-2026 18:33:06.906 INFO [main] org.apache.catalina.startup.VersionLoggerListener.log Server version name:   Apache Tomcat/9.0.115
16-Feb-2026 18:33:06.907 INFO [main] org.apache.catalina.startup.VersionLoggerListener.log Server built:          Jan 21 2026 08:17:26 UTC
16-Feb-2026 18:33:06.907 INFO [main] org.apache.catalina.startup.VersionLoggerListener.log Server version number: 9.0.115.0
16-Feb-2026 18:33:06.908 INFO [main] org.apache.catalina.startup.VersionLoggerListener.log OS Name:               Linux
16-Feb-2026 18:33:06.908 INFO [main] org.apache.catalina.startup.VersionLoggerListener.log OS Version:            6.17.9-76061709-generic
16-Feb-2026 18:33:06.908 INFO [main] org.apache.catalina.startup.VersionLoggerListener.log Architecture:          amd64
16-Feb-2026 18:33:06.908 INFO [main] org.apache.catalina.startup.VersionLoggerListener.log Java Home:             /usr/lib/jvm/java-25-openjdk-amd64
16-Feb-2026 18:33:06.908 INFO [main] org.apache.catalina.startup.VersionLoggerListener.log JVM Version:           25.0.2+10-Ubuntu-124.04
16-Feb-2026 18:33:06.908 INFO [main] org.apache.catalina.startup.VersionLoggerListener.log JVM Vendor:            Ubuntu
16-Feb-2026 18:33:06.908 INFO [main] org.apache.catalina.startup.VersionLoggerListener.log CATALINA_BASE:         /home/stevenfarkas/projects/url-shortener/tomcat
16-Feb-2026 18:33:06.908 INFO [main] org.apache.catalina.startup.VersionLoggerListener.log CATALINA_HOME:         /home/stevenfarkas/projects/url-shortener/tomcat
16-Feb-2026 18:33:06.911 INFO [main] org.apache.catalina.startup.VersionLoggerListener.log Command line argument: --add-opens=java.base/java.lang=ALL-UNNAMED
16-Feb-2026 18:33:06.911 INFO [main] org.apache.catalina.startup.VersionLoggerListener.log Command line argument: --add-opens=java.base/java.lang.invoke=ALL-UNNAMED
16-Feb-2026 18:33:06.911 INFO [main] org.apache.catalina.startup.VersionLoggerListener.log Command line argument: --add-opens=java.base/java.lang.reflect=ALL-UNNAMED
16-Feb-2026 18:33:06.911 INFO [main] org.apache.catalina.startup.VersionLoggerListener.log Command line argument: --add-opens=java.base/java.io=ALL-UNNAMED
16-Feb-2026 18:33:06.911 INFO [main] org.apache.catalina.startup.VersionLoggerListener.log Command line argument: --add-opens=java.base/java.util=ALL-UNNAMED
16-Feb-2026 18:33:06.911 INFO [main] org.apache.catalina.startup.VersionLoggerListener.log Command line argument: --add-opens=java.base/java.util.concurrent=ALL-UNNAMED
16-Feb-2026 18:33:06.911 INFO [main] org.apache.catalina.startup.VersionLoggerListener.log Command line argument: --add-opens=java.rmi/sun.rmi.transport=ALL-UNNAMED
16-Feb-2026 18:33:06.911 INFO [main] org.apache.catalina.startup.VersionLoggerListener.log Command line argument: -Djava.util.logging.config.file=/home/stevenfarkas/projects/url-shortener/tomcat/conf/logging.properties
16-Feb-2026 18:33:06.912 INFO [main] org.apache.catalina.startup.VersionLoggerListener.log Command line argument: -Djava.util.logging.manager=org.apache.juli.ClassLoaderLogManager
16-Feb-2026 18:33:06.912 INFO [main] org.apache.catalina.startup.VersionLoggerListener.log Command line argument: -Djdk.tls.ephemeralDHKeySize=2048
16-Feb-2026 18:33:06.912 INFO [main] org.apache.catalina.startup.VersionLoggerListener.log Command line argument: -Djava.protocol.handler.pkgs=org.apache.catalina.webresources
16-Feb-2026 18:33:06.912 INFO [main] org.apache.catalina.startup.VersionLoggerListener.log Command line argument: -Dsun.io.useCanonCaches=false
16-Feb-2026 18:33:06.912 INFO [main] org.apache.catalina.startup.VersionLoggerListener.log Command line argument: -Dorg.apache.catalina.security.SecurityListener.UMASK=0027
16-Feb-2026 18:33:06.912 INFO [main] org.apache.catalina.startup.VersionLoggerListener.log Command line argument: -Dignore.endorsed.dirs=
16-Feb-2026 18:33:06.912 INFO [main] org.apache.catalina.startup.VersionLoggerListener.log Command line argument: -Dcatalina.base=/home/stevenfarkas/projects/url-shortener/tomcat
16-Feb-2026 18:33:06.912 INFO [main] org.apache.catalina.startup.VersionLoggerListener.log Command line argument: -Dcatalina.home=/home/stevenfarkas/projects/url-shortener/tomcat
16-Feb-2026 18:33:06.912 INFO [main] org.apache.catalina.startup.VersionLoggerListener.log Command line argument: -Djava.io.tmpdir=/home/stevenfarkas/projects/url-shortener/tomcat/temp
16-Feb-2026 18:33:06.913 INFO [main] org.apache.catalina.core.AprLifecycleListener.lifecycleEvent The Apache Tomcat Native library which allows using OpenSSL was not found on the java.library.path: [/usr/java/packages/lib:/usr/lib/x86_64-linux-gnu/jni:/lib/x86_64-linux-gnu:/usr/lib/x86_64-linux-gnu:/usr/lib/jni:/lib:/usr/lib]
16-Feb-2026 18:33:07.041 INFO [main] org.apache.coyote.AbstractProtocol.init Initializing ProtocolHandler ["http-nio-8080"]
16-Feb-2026 18:33:07.050 INFO [main] org.apache.catalina.startup.Catalina.load Server initialization in [217] milliseconds
16-Feb-2026 18:33:07.066 INFO [main] org.apache.catalina.core.StandardService.startInternal Starting service [Catalina]
16-Feb-2026 18:33:07.066 INFO [main] org.apache.catalina.core.StandardEngine.startInternal Starting Servlet engine: [Apache Tomcat/9.0.115]
16-Feb-2026 18:33:07.072 INFO [main] org.apache.catalina.startup.HostConfig.deployWAR Deploying web application archive [/home/stevenfarkas/projects/url-shortener/tomcat/webapps/url-shortener.war]
16-Feb-2026 18:33:07.309 WARNING [main] org.apache.tomcat.util.descriptor.web.WebXml.setVersion Unknown version string [5.0]. Default version will be used.
16-Feb-2026 18:33:07.773 INFO [main] org.apache.jasper.servlet.TldScanner.scanJars At least one JAR was scanned for TLDs yet contained no TLDs. Enable debug logging for this logger for a complete list of JARs that were scanned but no TLDs were found in them. Skipping unneeded JARs during scanning can improve startup time and JSP compilation time.
16-Feb-2026 18:33:07.786 INFO [main] org.apache.catalina.startup.HostConfig.deployWAR Deployment of web application archive [/home/stevenfarkas/projects/url-shortener/tomcat/webapps/url-shortener.war] has finished in [712] ms
16-Feb-2026 18:33:07.786 INFO [main] org.apache.catalina.startup.HostConfig.deployDirectory Deploying web application directory [/home/stevenfarkas/projects/url-shortener/tomcat/webapps/manager]
16-Feb-2026 18:33:07.801 INFO [main] org.apache.catalina.startup.HostConfig.deployDirectory Deployment of web application directory [/home/stevenfarkas/projects/url-shortener/tomcat/webapps/manager] has finished in [15] ms
16-Feb-2026 18:33:07.801 INFO [main] org.apache.catalina.startup.HostConfig.deployDirectory Deploying web application directory [/home/stevenfarkas/projects/url-shortener/tomcat/webapps/host-manager]
16-Feb-2026 18:33:07.809 INFO [main] org.apache.catalina.startup.HostConfig.deployDirectory Deployment of web application directory [/home/stevenfarkas/projects/url-shortener/tomcat/webapps/host-manager] has finished in [8] ms
16-Feb-2026 18:33:07.809 INFO [main] org.apache.catalina.startup.HostConfig.deployDirectory Deploying web application directory [/home/stevenfarkas/projects/url-shortener/tomcat/webapps/ROOT]
16-Feb-2026 18:33:07.816 INFO [main] org.apache.catalina.startup.HostConfig.deployDirectory Deployment of web application directory [/home/stevenfarkas/projects/url-shortener/tomcat/webapps/ROOT] has finished in [7] ms
16-Feb-2026 18:33:07.816 INFO [main] org.apache.catalina.startup.HostConfig.deployDirectory Deploying web application directory [/home/stevenfarkas/projects/url-shortener/tomcat/webapps/docs]
16-Feb-2026 18:33:07.822 INFO [main] org.apache.catalina.startup.HostConfig.deployDirectory Deployment of web application directory [/home/stevenfarkas/projects/url-shortener/tomcat/webapps/docs] has finished in [6] ms
16-Feb-2026 18:33:07.822 INFO [main] org.apache.catalina.startup.HostConfig.deployDirectory Deploying web application directory [/home/stevenfarkas/projects/url-shortener/tomcat/webapps/examples]
16-Feb-2026 18:33:07.884 INFO [main] org.apache.catalina.startup.HostConfig.deployDirectory Deployment of web application directory [/home/stevenfarkas/projects/url-shortener/tomcat/webapps/examples] has finished in [62] ms
16-Feb-2026 18:33:07.886 INFO [main] org.apache.coyote.AbstractProtocol.start Starting ProtocolHandler ["http-nio-8080"]
16-Feb-2026 18:33:07.890 INFO [main] org.apache.catalina.startup.Catalina.start Server startup in [839] milliseconds
